Case #1: 19 20
Case #2: 003 003
Case #3: 0 0
Case #4: 05 00
Case #5: 00 00
Case #6: 493 903
Case #7: 05 09
Case #8: 00 00
Case #9: 090 049
Case #10: 170 170
Case #11: 09 00
Case #12: 100 100
Case #13: 970 969
Case #14: 039 090
Case #15: 099 700
Case #16: 00 00
Case #17: 265 265
Case #18: 029 070
Case #19: 090 039
Case #20: 629 670
Case #21: 000 000
Case #22: 909 990
Case #23: 080 039
Case #24: 09 05
Case #25: 552 452
Case #26: 99 99
Case #27: 776 174
Case #28: 099 400
Case #29: 99 09
Case #30: 98 93
Case #31: 040 009
Case #32: 000 000
Case #33: 700 409
Case #34: 298 298
Case #35: 019 060
Case #36: 03 08
Case #37: 95 99
Case #38: 05 05
Case #39: 09 09
Case #40: 699 900
Case #41: 000 009
Case #42: 092 090
Case #43: 499 610
Case #44: 020 020
Case #45: 029 060
Case #46: 500 099
Case #47: 082 082
Case #48: 00 00
Case #49: 093 098
Case #50: 90 90
Case #51: 028 028
Case #52: 060 029
Case #53: 009 080
Case #54: 019 024
Case #55: 010 010
Case #56: 05 05
Case #57: 050 009
Case #58: 430 430
Case #59: 0 0
Case #60: 007 000
Case #61: 070 039
Case #62: 001 001
Case #63: 902 908
Case #64: 009 000
Case #65: 050 058
Case #66: 010 009
Case #67: 039 080
Case #68: 09 99
Case #69: 018 010
Case #70: 036 036
Case #71: 039 070
Case #72: 09 05
Case #73: 070 070
Case #74: 098 093
Case #75: 005 005
Case #76: 000 000
Case #77: 799 944
Case #78: 90 09
Case #79: 0 0
Case #80: 99 99
Case #81: 006 006
Case #82: 009 050
Case #83: 99 99
Case #84: 060 019
Case #85: 00 05
Case #86: 867 807
Case #87: 700 700
Case #88: 049 080
Case #89: 00 00
Case #90: 005 005
Case #91: 015 065
Case #92: 098 092
Case #93: 9 9
Case #94: 300 300
Case #95: 059 090
Case #96: 00 00
Case #97: 903 908
Case #98: 000 000
Case #99: 000 000
Case #100: 00 05
Case #101: 060 060
Case #102: 399 900
Case #103: 000 000
Case #104: 00 00
Case #105: 15 10
Case #106: 090 059
Case #107: 099 909
Case #108: 008 003
Case #109: 000 000
Case #110: 90 90
Case #111: 0 0
Case #112: 299 920
Case #113: 600 605
Case #114: 5 5
Case #115: 609 601
Case #116: 399 830
Case #117: 080 049
Case #118: 800 806
Case #119: 00 00
Case #120: 019 070
Case #121: 90 90
Case #122: 109 101
Case #123: 05 05
Case #124: 095 993
Case #125: 90 99
Case #126: 070 019
Case #127: 800 699
Case #128: 542 496
Case #129: 050 019
Case #130: 000 000
Case #131: 060 009
Case #132: 700 099
Case #133: 00 00
Case #134: 000 000
Case #135: 000 000
Case #136: 092 098
Case #137: 006 003
Case #138: 004 004
Case #139: 90 90
Case #140: 507 500
Case #141: 00 00
Case #142: 009 000
Case #143: 591 896
Case #144: 90 90
Case #145: 00 00
Case #146: 070 070
Case #147: 090 009
Case #148: 000 000
Case #149: 407 401
Case #150: 09 09
Case #151: 000 000
Case #152: 029 059
Case #153: 008 008
Case #154: 970 970
Case #155: 043 042
Case #156: 00 00
Case #157: 678 678
Case #158: 737 727
Case #159: 00 00
Case #160: 900 399
Case #161: 000 000
Case #162: 509 509
Case #163: 009 040
Case #164: 000 000
Case #165: 108 108
Case #166: 003 003
Case #167: 001 009
Case #168: 029 080
Case #169: 061 061
Case #170: 0 0
Case #171: 090 099
Case #172: 018 048
Case #173: 060 019
Case #174: 009 060
Case #175: 070 029
Case #176: 000 000
Case #177: 909 199
Case #178: 530 429
Case #179: 954 194
Case #180: 00 00
Case #181: 00 09
Case #182: 09 90
Case #183: 799 900
Case #184: 004 003
Case #185: 802 800
Case #186: 000 000
Case #187: 013 012
Case #188: 932 639
Case #189: 019 050
Case #190: 399 760
Case #191: 470 470
Case #192: 406 406
Case #193: 049 090
Case #194: 900 909
Case #195: 09 00
Case #196: 090 090
Case #197: 002 003
Case #198: 080 029
Case #199: 09 09
Case #200: 09 09
