Case #1: 199 200
Case #2: 023 023
Case #3: 000 000
Case #4: 050 009
Case #5: 079 110
Case #6: 009 009
Case #7: 200 200
Case #8: 019 060
Case #9: 990 990
Case #10: 090 090
Case #11: 000 000
Case #12: 704 705
Case #13: 080 039
Case #14: 558 525
Case #15: 730 727
Case #16: 040 009
Case #17: 909 990
Case #18: 059 059
Case #19: 990 909
Case #20: 090 090
Case #21: 303 303
Case #22: 301 284
Case #23: 093 098
Case #24: 110 079
Case #25: 900 900
Case #26: 092 093
Case #27: 098 093
Case #28: 990 990
Case #29: 988 993
Case #30: 759 759
Case #31: 298 707
Case #32: 110 065
Case #33: 900 900
Case #34: 030 030
Case #35: 030 028
Case #36: 000 000
Case #37: 889 930
Case #38: 910 909
Case #39: 397 401
Case #40: 110 110
Case #41: 536 299
Case #42: 102 102
Case #43: 607 620
Case #44: 051 051
Case #45: 362 361
Case #46: 130 099
Case #47: 107 103
Case #48: 050 050
Case #49: 900 099
Case #50: 992 988
Case #51: 249 900
Case #52: 000 000
Case #53: 909 990
Case #54: 090 090
Case #55: 090 049
Case #56: 099 900
Case #57: 990 990
Case #58: 848 853
Case #59: 140 140
Case #60: 909 910
Case #61: 500 500
Case #62: 626 589
Case #63: 959 990
Case #64: 005 005
Case #65: 990 909
Case #66: 090 059
Case #67: 676 800
Case #68: 099 100
Case #69: 029 070
Case #70: 050 050
Case #71: 010 009
Case #72: 159 161
Case #73: 900 900
Case #74: 107 107
Case #75: 040 040
Case #76: 760 756
Case #77: 900 900
Case #78: 229 229
Case #79: 800 699
Case #80: 100 099
Case #81: 988 992
Case #82: 308 310
Case #83: 993 988
Case #84: 050 009
Case #85: 009 050
Case #86: 028 024
Case #87: 059 090
Case #88: 929 930
Case #89: 570 212
Case #90: 060 029
Case #91: 009 007
Case #92: 930 889
Case #93: 345 345
Case #94: 790 900
Case #95: 059 090
Case #96: 099 100
Case #97: 069 100
Case #98: 070 039
Case #99: 089 120
Case #100: 008 008
Case #101: 990 959
Case #102: 174 174
Case #103: 190 190
Case #104: 833 695
Case #105: 097 097
Case #106: 009 004
Case #107: 203 203
Case #108: 120 089
Case #109: 070 070
Case #110: 098 800
Case #111: 990 990
Case #112: 475 432
Case #113: 000 000
Case #114: 000 000
Case #115: 990 099
Case #116: 009 021
Case #117: 599 601
Case #118: 000 000
Case #119: 039 070
Case #120: 302 302
Case #121: 692 692
Case #122: 100 069
Case #123: 300 195
Case #124: 008 008
Case #125: 950 950
Case #126: 005 005
Case #127: 099 990
Case #128: 090 090
Case #129: 730 546
Case #130: 000 000
Case #131: 049 080
Case #132: 050 050
Case #133: 905 905
Case #134: 890 199
Case #135: 693 730
Case #136: 397 760
Case #137: 400 102
Case #138: 050 050
Case #139: 049 090
Case #140: 918 922
Case #141: 021 021
Case #142: 080 049
Case #143: 177 177
Case #144: 040 019
Case #145: 000 000
Case #146: 100 059
Case #147: 990 990
Case #148: 557 529
Case #149: 299 300
Case #150: 000 000
Case #151: 102 098
Case #152: 099 909
Case #153: 564 059
Case #154: 080 080
Case #155: 700 099
Case #156: 530 530
Case #157: 497 502
Case #158: 165 168
Case #159: 807 810
Case #160: 680 680
Case #161: 600 600
Case #162: 270 270
Case #163: 181 307
Case #164: 059 100
Case #165: 499 700
Case #166: 169 180
Case #167: 950 950
Case #168: 990 990
Case #169: 930 930
Case #170: 003 003
Case #171: 131 131
Case #172: 440 440
Case #173: 721 679
Case #174: 090 059
Case #175: 060 019
Case #176: 900 900
Case #177: 990 990
Case #178: 100 099
Case #179: 099 130
Case #180: 906 906
Case #181: 000 000
Case #182: 009 050
Case #183: 000 000
Case #184: 990 990
Case #185: 019 050
Case #186: 050 019
Case #187: 561 558
Case #188: 000 000
Case #189: 900 900
Case #190: 039 080
Case #191: 199 199
Case #192: 497 500
Case #193: 009 040
Case #194: 199 870
Case #195: 500 500
Case #196: 740 740
Case #197: 070 029
Case #198: 029 060
Case #199: 050 050
Case #200: 009 009
