Case #1: 19 20
Case #2: 023 023
Case #3: 0 0
Case #4: 05 00
Case #5: 99 95
Case #6: 499 773
Case #7: 229 602
Case #8: 063 063
Case #9: 318 310
Case #10: 080 049
Case #11: 130 130
Case #12: 99 99
Case #13: 998 993
Case #14: 019 958
Case #15: 103 101
Case #16: 009 050
Case #17: 140 140
Case #18: 099 090
Case #19: 99 99
Case #20: 990 909
Case #21: 800 699
Case #22: 983 983
Case #23: 609 601
Case #24: 507 500
Case #25: 009 040
Case #26: 019 050
Case #27: 99 09
Case #28: 869 907
Case #29: 032 035
Case #30: 092 098
Case #31: 95 95
Case #32: 621 670
Case #33: 900 909
Case #34: 99 99
Case #35: 90 99
Case #36: 720 720
Case #37: 630 630
Case #38: 090 015
Case #39: 399 800
Case #40: 062 062
Case #41: 09 05
Case #42: 076 076
Case #43: 080 029
Case #44: 042 042
Case #45: 099 200
Case #46: 5 5
Case #47: 019 065
Case #48: 029 080
Case #49: 295 295
Case #50: 050 009
Case #51: 600 600
Case #52: 90 90
Case #53: 199 199
Case #54: 160 160
Case #55: 5 5
Case #56: 00 00
Case #57: 003 005
Case #58: 09 99
Case #59: 045 040
Case #60: 800 800
Case #61: 090 099
Case #62: 743 499
Case #63: 313 310
Case #64: 99 99
Case #65: 099 606
Case #66: 580 580
Case #67: 00 00
Case #68: 00 05
Case #69: 09 09
Case #70: 10 15
Case #71: 112 119
Case #72: 159 151
Case #73: 99 99
Case #74: 060 009
Case #75: 00 00
Case #76: 305 305
Case #77: 730 727
Case #78: 098 093
Case #79: 851 880
Case #80: 9 9
Case #81: 009 060
Case #82: 00 00
Case #83: 00 00
Case #84: 0 0
Case #85: 709 701
Case #86: 407 401
Case #87: 070 029
Case #88: 052 052
Case #89: 098 098
Case #90: 080 039
Case #91: 005 005
Case #92: 299 829
Case #93: 99 99
Case #94: 290 269
Case #95: 070 039
Case #96: 09 00
Case #97: 909 990
Case #98: 800 159
Case #99: 700 399
Case #100: 05 05
Case #101: 090 059
Case #102: 890 823
Case #103: 90 09
Case #104: 470 459
Case #105: 087 087
Case #106: 060 029
Case #107: 029 070
Case #108: 99 99
Case #109: 05 05
Case #110: 489 801
Case #111: 099 909
Case #112: 09 09
Case #113: 909 900
Case #114: 093 093
Case #115: 092 093
Case #116: 029 060
Case #117: 090 039
Case #118: 98 93
Case #119: 056 052
Case #120: 90 90
Case #121: 199 862
Case #122: 262 262
Case #123: 002 002
Case #124: 992 998
Case #125: 00 00
Case #126: 160 160
Case #127: 576 399
Case #128: 040 009
Case #129: 019 060
Case #130: 203 203
Case #131: 719 723
Case #132: 903 903
Case #133: 573 573
Case #134: 067 063
Case #135: 669 684
Case #136: 019 070
Case #137: 393 903
Case #138: 603 603
Case #139: 90 90
Case #140: 99 99
Case #141: 09 09
Case #142: 00 09
Case #143: 153 149
Case #144: 090 049
Case #145: 039 070
Case #146: 654 651
Case #147: 050 019
Case #148: 390 800
Case #149: 200 200
Case #150: 000 009
Case #151: 806 393
Case #152: 505 505
Case #153: 993 998
Case #154: 15 10
Case #155: 030 047
Case #156: 95 99
Case #157: 302 299
Case #158: 9 9
Case #159: 09 09
Case #160: 93 98
Case #161: 416 416
Case #162: 093 098
Case #163: 397 760
Case #164: 039 080
Case #165: 90 90
Case #166: 049 090
Case #167: 99 90
Case #168: 05 09
Case #169: 650 650
Case #170: 194 362
Case #171: 998 992
Case #172: 039 090
Case #173: 000 020
Case #174: 0 0
Case #175: 702 702
Case #176: 807 800
Case #177: 930 930
Case #178: 369 932
Case #179: 070 019
Case #180: 025 025
Case #181: 00 00
Case #182: 049 080
Case #183: 95 95
Case #184: 013 013
Case #185: 648 648
Case #186: 059 090
Case #187: 000 000
Case #188: 05 05
Case #189: 600 339
Case #190: 320 320
Case #191: 000 000
Case #192: 093 093
Case #193: 804 804
Case #194: 476 476
Case #195: 966 961
Case #196: 060 019
Case #197: 048 092
Case #198: 296 276
Case #199: 05 05
Case #200: 09 90
