Case #1: 19 20
Case #2: 003 003
Case #3: 0 0
Case #4: 05 00
Case #5: 092 092
Case #6: 90 90
Case #7: 009 040
Case #8: 068 058
Case #9: 15 10
Case #10: 00 00
Case #11: 002 002
Case #12: 018 010
Case #13: 210 210
Case #14: 000 000
Case #15: 90 99
Case #16: 507 500
Case #17: 019 060
Case #18: 000 000
Case #19: 090 049
Case #20: 004 007
Case #21: 090 806
Case #22: 05 05
Case #23: 090 009
Case #24: 089 480
Case #25: 049 046
Case #26: 700 700
Case #27: 000 000
Case #28: 09 00
Case #29: 029 060
Case #30: 002 002
Case #31: 00 00
Case #32: 09 09
Case #33: 00 00
Case #34: 000 000
Case #35: 600 600
Case #36: 040 009
Case #37: 008 008
Case #38: 000 000
Case #39: 600 600
Case #40: 05 09
Case #41: 09 99
Case #42: 600 600
Case #43: 039 037
Case #44: 000 000
Case #45: 09 09
Case #46: 059 090
Case #47: 000 000
Case #48: 903 908
Case #49: 800 699
Case #50: 09 09
Case #51: 050 039
Case #52: 90 90
Case #53: 193 994
Case #54: 077 030
Case #55: 002 070
Case #56: 001 005
Case #57: 09 09
Case #58: 700 699
Case #59: 05 05
Case #60: 573 399
Case #61: 00 00
Case #62: 191 806
Case #63: 03 08
Case #64: 0 0
Case #65: 395 295
Case #66: 050 009
Case #67: 060 009
Case #68: 039 080
Case #69: 060 019
Case #70: 289 289
Case #71: 804 804
Case #72: 019 050
Case #73: 99 09
Case #74: 099 871
Case #75: 99 99
Case #76: 0 0
Case #77: 098 092
Case #78: 008 003
Case #79: 199 500
Case #80: 000 000
Case #81: 399 760
Case #82: 670 099
Case #83: 002 002
Case #84: 00 00
Case #85: 407 401
Case #86: 09 05
Case #87: 005 009
Case #88: 629 670
Case #89: 00 05
Case #90: 070 029
Case #91: 090 059
Case #92: 009 000
Case #93: 000 000
Case #94: 000 009
Case #95: 093 098
Case #96: 010 010
Case #97: 00 05
Case #98: 000 000
Case #99: 008 003
Case #100: 90 09
Case #101: 393 870
Case #102: 005 005
Case #103: 290 835
Case #104: 060 029
Case #105: 00 00
Case #106: 019 047
Case #107: 000 000
Case #108: 100 100
Case #109: 5 5
Case #110: 049 049
Case #111: 019 070
Case #112: 0 0
Case #113: 070 019
Case #114: 006 000
Case #115: 09 90
Case #116: 90 90
Case #117: 000 000
Case #118: 064 061
Case #119: 039 090
Case #120: 090 090
Case #121: 90 90
Case #122: 00 00
Case #123: 090 039
Case #124: 029 080
Case #125: 656 059
Case #126: 439 480
Case #127: 737 727
Case #128: 007 000
Case #129: 500 500
Case #130: 099 909
Case #131: 049 090
Case #132: 049 080
Case #133: 050 050
Case #134: 050 019
Case #135: 745 742
Case #136: 99 99
Case #137: 302 302
Case #138: 05 05
Case #139: 070 070
Case #140: 109 101
Case #141: 609 601
Case #142: 902 908
Case #143: 00 00
Case #144: 049 090
Case #145: 009 000
Case #146: 09 05
Case #147: 900 900
Case #148: 909 990
Case #149: 599 600
Case #150: 002 003
Case #151: 009 060
Case #152: 98 93
Case #153: 99 99
Case #154: 904 391
Case #155: 00 00
Case #156: 200 200
Case #157: 030 030
Case #158: 090 099
Case #159: 083 066
Case #160: 209 265
Case #161: 004 007
Case #162: 002 002
Case #163: 0 0
Case #164: 00 09
Case #165: 030 030
Case #166: 080 029
Case #167: 092 098
Case #168: 900 909
Case #169: 004 009
Case #170: 800 800
Case #171: 088 048
Case #172: 00 00
Case #173: 09 00
Case #174: 005 009
Case #175: 080 049
Case #176: 000 000
Case #177: 000 000
Case #178: 00 00
Case #179: 00 00
Case #180: 015 065
Case #181: 080 039
Case #182: 029 070
Case #183: 070 069
Case #184: 039 070
Case #185: 056 083
Case #186: 00 00
Case #187: 518 509
Case #188: 90 90
Case #189: 098 093
Case #190: 070 039
Case #191: 030 030
Case #192: 95 99
Case #193: 9 9
Case #194: 000 000
Case #195: 029 500
Case #196: 139 188
Case #197: 019 060
Case #198: 00 00
Case #199: 000 000
Case #200: 009 050
