Case #1: 1 2
Case #2: 1
Case #3: IMPOSSIBLE
Case #4: 1 2
Case #5: 1 2 3
Case #6: 27
Case #7: 2 302875106592251
Case #8: 5
Case #9: 2 4354
Case #10: 2 1677721599999998
Case #11: 2 505447028499293769
Case #12: 2 7
Case #13: 2 14
Case #14: 2 96549157373046873
Case #15: 1 2 3 4 5 6 7 8 9 10 11
Case #16: 2 312499998
Case #17: 2 4702525276151519
Case #18: 1
Case #19: IMPOSSIBLE
Case #20: 1 2 3 4 5 6 7 8 9 10 11 12 13 14 15 16 17 18 19 20 21 22 23
Case #21: 2 999999999999999998
Case #22: 1
Case #23: 2 14
Case #24: 5
Case #25: 22875
Case #26: 2 4398046511102
Case #27: 1
Case #28: 1
Case #29: 2 1022
Case #30: 2 6559
Case #31: 1
Case #32: IMPOSSIBLE
Case #33: 1 2 3
Case #34: 2 45848500718449029
Case #35: 2 1329
Case #36: 2 92236814
Case #37: IMPOSSIBLE
Case #38: 27
Case #39: 2 7
Case #40: 27
Case #41: 1 2 3 4 5 6 7 8 9 10 11 12 13 14
Case #42: 2 105413502
Case #43: 2 999998
Case #44: 5
Case #45: 1 2 3 4 5 6 7 8 9 10 11 12 13 14 15 16 17 18 19 20 21 22 23 24 25 26 27 28 29 30 31 32 33 34 35
Case #46: IMPOSSIBLE
Case #47: 2 6634204312890623
Case #48: 2 62523502207
Case #49: 5
Case #50: 2 857373
Case #51: 1
Case #52: 2 9998
Case #53: 2 590489999999998
Case #54: 2 24299998
Case #55: 1
Case #56: 2 322
Case #57: 1 2 3 4 5 6 7 8 9 10 11 12 13 14 15 16 17 18 19 20 21 22 23 24 25 26 27 28 29 30 31 32 33 34 35 36 37 38 39 40 41 42 43 44 45 46 47 48 49 50 51 52 53 54 55 56 57 58 59 60 61 62 63 64 65 66 67 68 69 70 71 72 73 74 75 76 77 78 79 80 81 82 83 84 85 86 87 88 89 90 91 92 93 94 95 96 97 98 99 100
Case #58: 2 999999999999999998
Case #59: 2 25411679
Case #60: IMPOSSIBLE
Case #61: IMPOSSIBLE
Case #62: 5
Case #63: 2 62
Case #64: 2 20661046782
Case #65: 2 47
Case #66: 2 6082
Case #67: 2 7567
Case #68: 1
Case #69: 2 11019960574
Case #70: 2 105413502
Case #71: 2 999998
Case #72: 2 29509034655742
Case #73: 1
Case #74: 2 99998
Case #75: 1
Case #76: 2 99999998
Case #77: 1 2 3 4
Case #78: 2 99998
Case #79: 1
Case #80: 2 62
Case #81: 2 359
Case #82: 2 4704270174
Case #83: 2 427929800129788409
Case #84: 2 1048574
Case #85: 2 482
Case #86: 2 99999998
Case #87: 2 1087
Case #88: 2 96549157373046873
Case #89: 2 9998
Case #90: 194
Case #91: 2 99999999999998
Case #92: 2 34050628916015623
Case #93: 1
Case #94: IMPOSSIBLE
Case #95: 2 12230590462
Case #96: 2 999999999999999998
Case #97: 2 3937376385699287
Case #98: 2 2535525374
Case #99: 2 1677721599999998
Case #100: 2 20661046782
