Case #1: CAB
Case #2: MJA
Case #3: OCDE
Case #4: BBAAA
Case #5: CCCABBBAB
Case #6: CCCBAABAB
Case #7: ZXCASDQWE
Case #8: CCCCCCCBABBABBB
Case #9: ONDCBAFGHIJKLME
Case #10: CCCCCBBBBBAAAAA
Case #11: BAAA
Case #12: CCCCBBBAAAABBBB
Case #13: CCCCCCBAAAABABB
Case #14: CCCCCCCBAAAABBB
Case #15: OMLHDBCEAIFJGNK
Case #16: ONHCFAIELBJKGMD
Case #17: CCBAAAAAAAAAB
Case #18: ZDCBA
Case #19: ZEDCBAYXWU
Case #20: CCCCCBBBBAAAAAB
Case #21: ZAAAA
Case #22: CCCCBBABBBBAABA
Case #23: MMKHGFDABCEIJLA
Case #24: CCCCCBBBBBAAAAA
Case #25: CCCCCBBBBBAAAAA
Case #26: BBBBBAAAAAAAA
Case #27: CBA
Case #28: ONMBLKJAIGDFHCE
Case #29: BA
Case #30: CCCCCCBBABAABBA
Case #31: DDCBBBBBBACCC
Case #32: CCCCCBABBBAAAAB
Case #33: CCCCCBBBAAAAABB
Case #34: ZDABC
Case #35: CCCCCBBBBBAAAAA
Case #36: BAA
Case #37: ZAYBXCWDUE
Case #38: CCCCCCCCBABBBBA
Case #39: CBA
Case #40: CBA
Case #41: MMALKJHFBACDEGI
Case #42: BB
Case #43: DDCBBBAAAAAAA
Case #44: CCCCBBBBAAAABAB
Case #45: CBA
Case #46: MMLKIHFEAAJGDCB
Case #47: BAA
Case #48: CCCCCBBBBBAAAAA
Case #49: CCCCCABBBBBAAAA
Case #50: AAA
Case #51: BAA
Case #52: ZACBA
Case #53: MMALJIHFCABDEGK
Case #54: A
Case #55: AA
Case #56: ONLKGHIJMFBCDEA
Case #57: BAAA
Case #58: CCCCCAAAABBBBBA
Case #59: CCCCCCCBABAAABB
Case #60: CAB
Case #61: DCCBAAAABAABB
Case #62: CCCBAAAABBBAA
Case #63: OGHDEFLNIJKBMCA
Case #64: CCCBBBBBAAABABB
Case #65: OMNLEAGHFDKJCBI
Case #66: ZZZVSQMGHRVFMDJ
Case #67: BBA
Case #68: BAAA
Case #69: CCCCCBBABAABBBB
Case #70: CCCCCCAABAABBBB
Case #71: MMJALKIHGFEDCBA
Case #72: BBA
Case #73: ONMEHLKJIGFDCBA
Case #74: ONMLKHCDEFAGIJB
Case #75: CCCCCBBBBBAAAAA
Case #76: BBB
Case #77: Z
Case #78: BA
Case #79: QQQMDLDLKJDNMGP
Case #80: CBBBBBAAAAAAAA
Case #81: CCCCCBBBBBAAAAA
Case #82: OMNDHIJKGLEFCBA
Case #83: CCCCCABABABAAAA
Case #84: ZABCD
Case #85: CBBBBBAAAABBAA
Case #86: YXTKFKVVJGPQWWP
Case #87: BAAA
Case #88: CCCCCCCBABAAABB
Case #89: ZXWSQNHJHGPGVDT
Case #90: ZABYCXDWEU
Case #91: CCCCCCAAABABAAB
Case #92: MMKHGCBAALJIFED
Case #93: BBA
Case #94: CCBBAABBBAABBA
Case #95: CABBAAAAABBABAA
Case #96: XXXTNKSMNKQTGMK
Case #97: ZADBC
Case #98: DDDCCBBBAABAAA
Case #99: RRBAACADABA
Case #100: DCBBBBAAABAABA
